11:19:23.740 [main] INFO  factory.BaseClass - *******	Click on the Free Listing*******
11:19:26.021 [main] INFO  factory.BaseClass - *******Enter the Phone Number*******
11:19:26.635 [main] INFO  factory.BaseClass - *******Click on the start now button*******
11:19:27.194 [main] INFO  factory.BaseClass - ******Validating the error message******
11:19:37.490 [main] INFO  factory.BaseClass - *******Navigate to the Justdial homePage*******
11:19:44.538 [main] INFO  factory.BaseClass - *******Scroll Down*******
11:19:45.296 [main] INFO  factory.BaseClass - *******Click on the Gym*******
11:19:45.774 [main] INFO  factory.BaseClass - ******Getting the submenu in list*******
11:19:48.557 [main] INFO  factory.BaseClass - *******Get the all details from submenu dropdown*******
11:39:32.087 [main] INFO  factory.BaseClass - *******Navigate to the Justdial homePage*******
11:39:36.489 [main] INFO  factory.BaseClass - *******Validating the title*******
11:39:38.632 [main] INFO  factory.BaseClass - *******Get the location*******
11:39:44.039 [main] INFO  factory.BaseClass - *******Enter the Car washing services and search*******
11:40:06.394 [main] INFO  factory.BaseClass - *******Apply the filter*******
11:40:08.417 [main] INFO  factory.BaseClass - *******Getting the details of services*******
11:41:29.006 [main] INFO  factory.BaseClass - *******Navigate to the Justdial homePage*******
11:41:32.299 [main] INFO  factory.BaseClass - *******Validating the title*******
11:41:33.351 [main] INFO  factory.BaseClass - *******Get the location*******
11:41:34.641 [main] INFO  factory.BaseClass - *******Enter the Car washing services and search*******
11:41:38.163 [main] INFO  factory.BaseClass - *******Apply the filter*******
11:41:38.511 [main] INFO  factory.BaseClass - *******Getting the details of services*******
11:42:15.018 [main] INFO  factory.BaseClass - *******Navigate to the Justdial homePage*******
11:42:19.081 [main] INFO  factory.BaseClass - *******	Click on the Free Listing*******
11:42:21.580 [main] INFO  factory.BaseClass - *******Enter the Phone Number*******
11:42:22.247 [main] INFO  factory.BaseClass - *******Click on the start now button*******
11:42:22.881 [main] INFO  factory.BaseClass - ******Validating the error message******
11:42:33.924 [main] INFO  factory.BaseClass - *******Navigate to the Justdial homePage*******
11:42:39.680 [main] INFO  factory.BaseClass - *******	Click on the Free Listing*******
11:42:42.318 [main] INFO  factory.BaseClass - *******Enter the Phone Number*******
11:42:42.871 [main] INFO  factory.BaseClass - *******Click on the start now button*******
11:42:43.425 [main] INFO  factory.BaseClass - ******Validating the error message******
11:42:54.651 [main] INFO  factory.BaseClass - *******Navigate to the Justdial homePage*******
11:42:59.888 [main] INFO  factory.BaseClass - *******Scroll Down*******
11:43:00.751 [main] INFO  factory.BaseClass - *******Click on the Gym*******
11:43:01.297 [main] INFO  factory.BaseClass - ******Getting the submenu in list*******
11:43:03.992 [main] INFO  factory.BaseClass - *******Get the all details from submenu dropdown*******
