08:41:19.652 [main] INFO  factory.BaseClass - *******Set the location*******
08:41:20.822 [main] INFO  factory.BaseClass - ******Enter the Car washing services and search********
08:41:22.803 [main] INFO  factory.BaseClass - ******Click apply********
08:41:24.484 [main] INFO  factory.BaseClass - *******Applying the filter*******
08:41:49.378 [main] INFO  factory.BaseClass - *******Getting the details of services*******
08:41:52.928 [main] INFO  factory.BaseClass - *******Navigate to the free Listing page*******
08:41:53.225 [main] INFO  factory.BaseClass - *******Validate the free listing page*******
08:41:53.580 [main] INFO  factory.BaseClass - *******Enter the wrong number*******
08:41:54.140 [main] INFO  factory.BaseClass - *******Validating the error message*******
08:41:55.739 [main] INFO  factory.BaseClass - *******Navigate to the justdial homepage*******
08:41:56.944 [main] INFO  factory.BaseClass - *******Get the location*******
08:41:57.294 [main] INFO  factory.BaseClass - *******Scroll to gym*******
08:41:57.653 [main] INFO  factory.BaseClass - *******click on the gym button*******
08:42:02.546 [main] INFO  factory.BaseClass - *******Getting the details of submenu*******
09:02:06.217 [main] INFO  factory.BaseClass - *******Navigate to the Justdial homePage*******
09:03:00.831 [main] INFO  factory.BaseClass - *******Navigate to the Justdial homePage*******
09:03:05.647 [main] INFO  factory.BaseClass - *******Validating the title*******
09:03:06.533 [main] INFO  factory.BaseClass - *******Get the location*******
09:03:07.687 [main] INFO  factory.BaseClass - *******Enter the Car washing services and search*******
09:03:10.852 [main] INFO  factory.BaseClass - *******Apply the filter*******
09:03:11.165 [main] INFO  factory.BaseClass - *******Getting the details of services*******
09:03:42.785 [main] INFO  factory.BaseClass - *******Navigate to the Justdial homePage*******
09:03:50.870 [main] INFO  factory.BaseClass - *******	Click on the Free Listing*******
09:03:52.739 [main] INFO  factory.BaseClass - *******Enter the Phone Number*******
09:03:53.377 [main] INFO  factory.BaseClass - *******Click on the start now button*******
09:03:53.981 [main] INFO  factory.BaseClass - ******Validating the error message******
09:04:01.952 [main] INFO  factory.BaseClass - *******Navigate to the Justdial homePage*******
09:04:09.809 [main] INFO  factory.BaseClass - *******	Click on the Free Listing*******
09:04:11.581 [main] INFO  factory.BaseClass - *******Enter the Phone Number*******
09:04:12.276 [main] INFO  factory.BaseClass - *******Click on the start now button*******
09:04:12.964 [main] INFO  factory.BaseClass - ******Validating the error message******
09:04:20.795 [main] INFO  factory.BaseClass - *******Navigate to the Justdial homePage*******
09:04:28.440 [main] INFO  factory.BaseClass - *******Scroll Down*******
09:04:29.314 [main] INFO  factory.BaseClass - *******Click on the Gym*******
09:04:29.850 [main] INFO  factory.BaseClass - ******Getting the submenu in list*******
09:04:31.998 [main] INFO  factory.BaseClass - *******Get the all details from submenu dropdown*******
09:34:22.943 [main] INFO  factory.BaseClass - *******Navigate to the Justdial homePage*******
09:34:43.684 [main] INFO  factory.BaseClass - *******Validating the title*******
09:34:45.141 [main] INFO  factory.BaseClass - *******Get the location*******
09:34:47.122 [main] INFO  factory.BaseClass - *******Enter the Car washing services and search*******
09:34:50.555 [main] INFO  factory.BaseClass - *******Apply the filter*******
09:34:50.902 [main] INFO  factory.BaseClass - *******Getting the details of services*******
09:35:27.013 [main] INFO  factory.BaseClass - *******Navigate to the Justdial homePage*******
09:35:34.198 [main] INFO  factory.BaseClass - *******	Click on the Free Listing*******
09:35:36.721 [main] INFO  factory.BaseClass - *******Enter the Phone Number*******
09:35:37.600 [main] INFO  factory.BaseClass - *******Click on the start now button*******
09:35:38.601 [main] INFO  factory.BaseClass - ******Validating the error message******
09:35:49.576 [main] INFO  factory.BaseClass - *******Navigate to the Justdial homePage*******
09:35:57.446 [main] INFO  factory.BaseClass - *******	Click on the Free Listing*******
09:35:59.825 [main] INFO  factory.BaseClass - *******Enter the Phone Number*******
09:36:00.511 [main] INFO  factory.BaseClass - *******Click on the start now button*******
09:36:01.165 [main] INFO  factory.BaseClass - ******Validating the error message******
09:36:10.682 [main] INFO  factory.BaseClass - *******Navigate to the Justdial homePage*******
09:36:18.093 [main] INFO  factory.BaseClass - *******Scroll Down*******
09:36:19.206 [main] INFO  factory.BaseClass - *******Click on the Gym*******
09:36:19.967 [main] INFO  factory.BaseClass - ******Getting the submenu in list*******
09:36:23.325 [main] INFO  factory.BaseClass - *******Get the all details from submenu dropdown*******
